c:\users\kkramek\desktop\couriercompany\couriercompany\debug\couriercompany.pch
c:\users\kkramek\desktop\couriercompany\couriercompany\debug\vc120.pdb
c:\users\kkramek\desktop\couriercompany\couriercompany\debug\vc120.idb
c:\users\kkramek\desktop\couriercompany\couriercompany\debug\stdafx.obj
c:\users\kkramek\desktop\couriercompany\couriercompany\debug\house.obj
c:\users\kkramek\desktop\couriercompany\couriercompany\debug\coordinates.obj
c:\users\kkramek\desktop\couriercompany\couriercompany\debug\filemanager.obj
c:\users\kkramek\desktop\couriercompany\couriercompany\debug\road.obj
c:\users\kkramek\desktop\couriercompany\couriercompany\debug\vehicle.obj
c:\users\kkramek\desktop\couriercompany\couriercompany\debug\couriercompany.obj
c:\users\kkramek\desktop\couriercompany\couriercompany\debug\couriercompanydlg.obj
c:\users\kkramek\desktop\couriercompany\couriercompany\debug\game.obj
c:\users\kkramek\desktop\couriercompany\couriercompany\debug\library.obj
c:\users\kkramek\desktop\couriercompany\couriercompany\debug\package.obj
c:\users\kkramek\desktop\couriercompany\couriercompany\debug\player.obj
c:\users\kkramek\desktop\couriercompany\couriercompany\debug\startwindowdlg.obj
c:\users\kkramek\desktop\couriercompany\couriercompany\debug\tabgarage.obj
c:\users\kkramek\desktop\couriercompany\couriercompany\debug\tabmap.obj
c:\users\kkramek\desktop\couriercompany\couriercompany\debug\tabmenu.obj
c:\users\kkramek\desktop\couriercompany\couriercompany\debug\tabwarehouse.obj
c:\users\kkramek\desktop\couriercompany\couriercompany\debug\vehiclelibrary.obj
c:\users\kkramek\desktop\couriercompany\debug\couriercompany.ilk
c:\users\kkramek\desktop\couriercompany\debug\couriercompany.exe
c:\users\kkramek\desktop\couriercompany\debug\couriercompany.pdb
c:\users\kkramek\desktop\couriercompany\couriercompany\debug\couriercompany.res
c:\users\kkramek\desktop\couriercompany\couriercompany\debug\couriercompany.tlog\cl.command.1.tlog
c:\users\kkramek\desktop\couriercompany\couriercompany\debug\couriercompany.tlog\cl.read.1.tlog
c:\users\kkramek\desktop\couriercompany\couriercompany\debug\couriercompany.tlog\cl.write.1.tlog
c:\users\kkramek\desktop\couriercompany\couriercompany\debug\couriercompany.tlog\link.command.1.tlog
c:\users\kkramek\desktop\couriercompany\couriercompany\debug\couriercompany.tlog\link.read.1.tlog
c:\users\kkramek\desktop\couriercompany\couriercompany\debug\couriercompany.tlog\link.write.1.tlog
c:\users\kkramek\desktop\couriercompany\couriercompany\debug\couriercompany.tlog\rc.command.1.tlog
c:\users\kkramek\desktop\couriercompany\couriercompany\debug\couriercompany.tlog\rc.read.1.tlog
c:\users\kkramek\desktop\couriercompany\couriercompany\debug\couriercompany.tlog\rc.write.1.tlog
